<?xml version="1.0" encoding="UTF-8"?>
<!-- Generated by org.testng.reporters.JUnitReportReporter -->
<testsuite hostname="ASAHI-GH22010s-MacBook-Air.local" failures="0" tests="14" name="Runner.TestRunner" time="369.356" errors="0" timestamp="2024-09-09T18:26:40 JST" skipped="0">
  <testcase classname="Runner.TestRunner" name="runScenario" time="37.534"/>
  <system-out/>
  <testcase classname="Runner.TestRunner" name="runScenario" time="41.788"/>
  <system-out/>
  <testcase classname="Runner.TestRunner" name="runScenario" time="20.691"/>
  <system-out/>
  <testcase classname="Runner.TestRunner" name="runScenario" time="30.081"/>
  <system-out/>
  <testcase classname="Runner.TestRunner" name="runScenario" time="31.123"/>
  <system-out/>
  <testcase classname="Runner.TestRunner" name="runScenario" time="27.329"/>
  <system-out/>
  <testcase classname="Runner.TestRunner" name="runScenario" time="27.320"/>
  <system-out/>
  <testcase classname="Runner.TestRunner" name="runScenario" time="20.590"/>
  <system-out/>
  <testcase classname="Runner.TestRunner" name="runScenario" time="10.840"/>
  <system-out/>
  <testcase classname="Runner.TestRunner" name="runScenario" time="28.427"/>
  <system-out/>
  <testcase classname="Runner.TestRunner" name="runScenario" time="36.509"/>
  <system-out/>
  <testcase classname="Runner.TestRunner" name="runScenario" time="22.417"/>
  <system-out/>
  <testcase classname="Runner.TestRunner" name="runScenario" time="27.169"/>
  <system-out/>
  <testcase classname="Runner.TestRunner" name="runScenario" time="7.538"/>
  <system-out/>
</testsuite> <!-- Runner.TestRunner -->
