<?xml version="1.0" encoding="UTF-8"?>
<!-- Generated by org.testng.reporters.JUnitReportReporter -->
<testsuite hostname="ASAHI-GH22010s-MacBook-Air.local" failures="0" tests="5" name="Runner.TestRunner" time="85.236" errors="0" timestamp="2024-10-09T18:46:38 JST" skipped="0">
  <testcase classname="Runner.TestRunner" name="runScenario" time="10.162"/>
  <system-out/>
  <testcase classname="Runner.TestRunner" name="runScenario" time="13.387"/>
  <system-out/>
  <testcase classname="Runner.TestRunner" name="runScenario" time="8.751"/>
  <system-out/>
  <testcase classname="Runner.TestRunner" name="runScenario" time="43.924"/>
  <system-out/>
  <testcase classname="Runner.TestRunner" name="runScenario" time="9.012"/>
  <system-out/>
</testsuite> <!-- Runner.TestRunner -->
