<?xml version="1.0" encoding="UTF-8"?>
<!-- Generated by org.testng.reporters.JUnitReportReporter -->
<testsuite hostname="ASAHI-GH22010s-MacBook-Air.local" failures="0" tests="2" name="Runner.TestRunner" time="48.659" errors="0" timestamp="2024-09-10T18:08:27 JST" skipped="1">
  <testcase classname="Runner.TestRunner" name="runScenario" time="9.099"/>
  <system-out/>
  <testcase classname="Runner.TestRunner" name="runScenario" time="39.560">
    <skipped/>
  </testcase> <!-- runScenario -->
  <system-out/>
</testsuite> <!-- Runner.TestRunner -->
