<?xml version="1.0" encoding="UTF-8"?>
<!-- Generated by org.testng.reporters.JUnitReportReporter -->
<testsuite hostname="ASAHI-GH22010s-MacBook-Air.local" failures="0" tests="6" name="Runner.TestRunner" time="93.786" errors="0" timestamp="2024-10-11T15:28:00 JST" skipped="0">
  <testcase classname="Runner.TestRunner" name="runScenario" time="43.671"/>
  <system-out/>
  <testcase classname="Runner.TestRunner" name="runScenario" time="8.811"/>
  <system-out/>
  <testcase classname="Runner.TestRunner" name="runScenario" time="9.112"/>
  <system-out/>
  <testcase classname="Runner.TestRunner" name="runScenario" time="13.167"/>
  <system-out/>
  <testcase classname="Runner.TestRunner" name="runScenario" time="10.119"/>
  <system-out/>
  <testcase classname="Runner.TestRunner" name="runScenario" time="8.906"/>
  <system-out/>
</testsuite> <!-- Runner.TestRunner -->
